/hpcfs/home/ciencias_biologicas/na.portilla10/miniconda3/
Collecting package metadata (current_repodata.json): ...working... done
Solving environment: ...working... done


==> WARNING: A newer version of conda exists. <==
  current version: 23.7.4
  latest version: 23.9.0

Please update conda by running

    $ conda update -n base -c conda-forge conda

Or to minimize the number of packages updated during conda update use

     conda install conda=23.9.0



## Package Plan ##

  environment location: /hpcfs/home/ciencias_biologicas/na.portilla10/miniconda3/envs/crocrontab



Preparing transaction: ...working... done
Verifying transaction: ...working... done
Executing transaction: ...working... done
#
# To activate this environment, use
#
#     $ conda activate crocrontab
#
# To deactivate an active environment, use
#
#     $ conda deactivate

usage: conda [-h] [--no-plugins] [-V] COMMAND ...
conda: error: argument COMMAND: invalid choice: 'activate' (choose from 'clean', 'compare', 'config', 'create', 'info', 'init', 'install', 'list', 'notices', 'package', 'remove', 'uninstall', 'rename', 'run', 'search', 'update', 'upgrade', 'doctor', 'env', 'content-trust')
Collecting package metadata (current_repodata.json): ...working... done
Solving environment: ...working... done


==> WARNING: A newer version of conda exists. <==
  current version: 23.7.4
  latest version: 23.9.0

Please update conda by running

    $ conda update -n base -c conda-forge conda

Or to minimize the number of packages updated during conda update use

     conda install conda=23.9.0



# All requested packages already installed.

crontab: no changes made to crontab
"mycron":1: bad minute
errors in crontab file, can't install.
[?1049h[22;0;0t[1;24r(B[m[4l[?7h[39;49m[?1h=[?1h=[?1h=[?25l[39;49m(B[m[H[2J[22;33H(B[0;7m[ Reading File ](B[m[22;39H(B[0;7m 0 lines	(B[m[H(B[0;7m  GNU nano 2.9.8                 /tmp/crontab.ti1YWA                            [1;79H(B[m[23d(B[0;7m^G(B[m Get Help  (B[0;7m^O(B[m Write Out (B[0;7m^W(B[m Where Is  (B[0;7m^K(B[m Cut Text  (B[0;7m^J(B[m Justify   (B[0;7m^C(B[m Cur Pos[24d(B[0;7m^X(B[m Exit[14G(B[0;7m^R(B[m Read File (B[0;7m^\(B[m Replace   (B[0;7m^U(B[m Uncut Text(B[0;7m^T(B[m To Spell  (B[0;7m^_(B[m Go To Line[22d[3d[39;49m(B[m[?12l[?25h[24;1H[?1049l[23;0;0t[?1l>SHELL=/bin/bash
BASH_ENV='/hpcfs/home/ciencias_biologicas/na.portilla10/.bashrc_conda'
30 12 * * * /hpcfs/home/ciencias_biologicas/na.portilla10/phallet/mycron_script
