/hpcfs/home/ciencias_biologicas/na.portilla10/miniconda3/
Collecting package metadata (current_repodata.json): ...working... done
Solving environment: ...working... done


==> WARNING: A newer version of conda exists. <==
  current version: 23.7.4
  latest version: 23.9.0

Please update conda by running

    $ conda update -n base -c conda-forge conda

Or to minimize the number of packages updated during conda update use

     conda install conda=23.9.0



## Package Plan ##

  environment location: /hpcfs/home/ciencias_biologicas/na.portilla10/miniconda3/envs/crocrontab



Preparing transaction: ...working... done
Verifying transaction: ...working... done
Executing transaction: ...working... done
#
# To activate this environment, use
#
#     $ conda activate crocrontab
#
# To deactivate an active environment, use
#
#     $ conda deactivate

Collecting package metadata (current_repodata.json): ...working... done
Solving environment: ...working... done


==> WARNING: A newer version of conda exists. <==
  current version: 23.7.4
  latest version: 23.9.0

Please update conda by running

    $ conda update -n base -c conda-forge conda

Or to minimize the number of packages updated during conda update use

     conda install conda=23.9.0



## Package Plan ##

  environment location: /hpcfs/home/ciencias_biologicas/na.portilla10/miniconda3/envs/crocrontab

  added / updated specs:
    - crontab


The following NEW packages will be INSTALLED:

  _libgcc_mutex      conda-forge/linux-64::_libgcc_mutex-0.1-conda_forge 
  _openmp_mutex      conda-forge/linux-64::_openmp_mutex-4.5-2_gnu 
  bzip2              conda-forge/linux-64::bzip2-1.0.8-h7f98852_4 
  ca-certificates    conda-forge/linux-64::ca-certificates-2023.7.22-hbcca054_0 
  crontab            conda-forge/noarch::crontab-0.22.9-pyh9f0ad1d_0 
  ld_impl_linux-64   conda-forge/linux-64::ld_impl_linux-64-2.40-h41732ed_0 
  libexpat           conda-forge/linux-64::libexpat-2.5.0-hcb278e6_1 
  libffi             conda-forge/linux-64::libffi-3.4.2-h7f98852_5 
  libgcc-ng          conda-forge/linux-64::libgcc-ng-13.2.0-h807b86a_2 
  libgomp            conda-forge/linux-64::libgomp-13.2.0-h807b86a_2 
  libnsl             conda-forge/linux-64::libnsl-2.0.0-hd590300_1 
  libsqlite          conda-forge/linux-64::libsqlite-3.43.0-h2797004_0 
  libuuid            conda-forge/linux-64::libuuid-2.38.1-h0b41bf4_0 
  libzlib            conda-forge/linux-64::libzlib-1.2.13-hd590300_5 
  ncurses            conda-forge/linux-64::ncurses-6.4-hcb278e6_0 
  openssl            conda-forge/linux-64::openssl-3.1.3-hd590300_0 
  pip                conda-forge/noarch::pip-23.2.1-pyhd8ed1ab_0 
  python             conda-forge/linux-64::python-3.11.5-hab00c5b_0_cpython 
  readline           conda-forge/linux-64::readline-8.2-h8228510_1 
  setuptools         conda-forge/noarch::setuptools-68.2.2-pyhd8ed1ab_0 
  tk                 conda-forge/linux-64::tk-8.6.13-h2797004_0 
  tzdata             conda-forge/noarch::tzdata-2023c-h71feb2d_0 
  wheel              conda-forge/noarch::wheel-0.41.2-pyhd8ed1ab_0 
  xz                 conda-forge/linux-64::xz-5.2.6-h166bdaf_0 



Downloading and Extracting Packages

Preparing transaction: ...working... done
Verifying transaction: ...working... done
Executing transaction: ...working... 